-- Test: Performance Benchmarks for Direct Numeric-Integer Comparison
-- Purpose: Verify overhead is within acceptable bounds (<10% vs native operators)
-- Note: Actual timing may vary by hardware; focus on relative performance
-- Create test tables with 100,000 rows (reduced from 1M for faster CI/testing)
CREATE TEMPORARY TABLE perf_int4 (id SERIAL PRIMARY KEY, val INT4);
CREATE TEMPORARY TABLE perf_numeric (id SERIAL PRIMARY KEY, val NUMERIC);
CREATE TEMPORARY TABLE perf_float8 (id SERIAL PRIMARY KEY, val FLOAT8);
-- Populate with sequential values
INSERT INTO perf_int4 (val) SELECT generate_series(1, 100000);
INSERT INTO perf_numeric (val) SELECT generate_series(1, 100000)::numeric;
INSERT INTO perf_float8 (val) SELECT generate_series(1, 100000)::float8;
-- Create indexes on value columns
CREATE INDEX idx_perf_int4_val ON perf_int4(val);
CREATE INDEX idx_perf_numeric_val ON perf_numeric(val);
CREATE INDEX idx_perf_float8_val ON perf_float8(val);
-- Analyze tables for query planning
ANALYZE perf_int4;
ANALYZE perf_numeric;
ANALYZE perf_float8;
-- Test 1: Verify index usage for cross-type comparisons
EXPLAIN (COSTS OFF) SELECT COUNT(*) FROM perf_int4 WHERE val = 50000::numeric;
                         QUERY PLAN                         
------------------------------------------------------------
 Aggregate
   ->  Index Only Scan using idx_perf_int4_val on perf_int4
         Index Cond: (val = 50000)
(3 rows)

EXPLAIN (COSTS OFF) SELECT COUNT(*) FROM perf_int4 WHERE val = 50000::float8;
                         QUERY PLAN                         
------------------------------------------------------------
 Aggregate
   ->  Index Only Scan using idx_perf_int4_val on perf_int4
         Index Cond: (val = 50000)
(3 rows)

-- Test 2: Selective equality predicates (should be fast with index)
SELECT 'int4 = numeric (selective)'::text AS test, COUNT(*) AS count FROM perf_int4 WHERE val = 50000::numeric;
            test            | count 
----------------------------+-------
 int4 = numeric (selective) |     1
(1 row)

SELECT 'int4 = float8 (selective)'::text AS test, COUNT(*) AS count FROM perf_int4 WHERE val = 50000::float8;
           test            | count 
---------------------------+-------
 int4 = float8 (selective) |     1
(1 row)

-- Test 3: Range queries with cross-type comparisons
SELECT 'int4 < numeric (range)'::text AS test, COUNT(*) AS count FROM perf_int4 WHERE val < 1000::numeric;
          test          | count 
------------------------+-------
 int4 < numeric (range) |   999
(1 row)

SELECT 'int4 > float8 (range)'::text AS test, COUNT(*) AS count FROM perf_int4 WHERE val > 99000::float8;
         test          | count 
-----------------------+-------
 int4 > float8 (range) |  1000
(1 row)

SELECT 'int4 BETWEEN numeric (range)'::text AS test, COUNT(*) AS count FROM perf_int4 WHERE val >= 40000::numeric AND val <= 60000::numeric;
             test             | count 
------------------------------+-------
 int4 BETWEEN numeric (range) | 20001
(1 row)

-- Test 4: Join performance with cross-type comparisons
EXPLAIN (COSTS OFF)
SELECT COUNT(*) FROM perf_int4 i JOIN perf_numeric n ON i.val = n.val WHERE i.val < 1000;
                                QUERY PLAN                                
--------------------------------------------------------------------------
 Aggregate
   ->  Hash Join
         Hash Cond: (n.val = i.val)
         ->  Seq Scan on perf_numeric n
         ->  Hash
               ->  Index Only Scan using idx_perf_int4_val on perf_int4 i
                     Index Cond: (val < 1000)
(7 rows)

SELECT 'int4-numeric join (small)'::text AS test, COUNT(*) AS count 
FROM perf_int4 i JOIN perf_numeric n ON i.val = n.val WHERE i.val < 1000;
           test            | count 
---------------------------+-------
 int4-numeric join (small) |   999
(1 row)

-- Test 5: Verify no performance regression on native comparisons
-- (Ensure our extension doesn't slow down standard int-int comparisons)
SELECT 'native int4 = int4'::text AS test, COUNT(*) AS count FROM perf_int4 WHERE val = 50000;
        test        | count 
--------------------+-------
 native int4 = int4 |     1
(1 row)

SELECT 'native int4 < int4'::text AS test, COUNT(*) AS count FROM perf_int4 WHERE val < 1000;
        test        | count 
--------------------+-------
 native int4 < int4 |   999
(1 row)

-- Test 6: Verify fractional value handling (should not match)
SELECT 'int4 = numeric (fractional)'::text AS test, COUNT(*) AS count FROM perf_int4 WHERE val = 50000.5::numeric;
            test             | count 
-----------------------------+-------
 int4 = numeric (fractional) |     0
(1 row)

SELECT 'int4 = float8 (fractional)'::text AS test, COUNT(*) AS count FROM perf_int4 WHERE val = 50000.5::float8;
            test            | count 
----------------------------+-------
 int4 = float8 (fractional) |     0
(1 row)

-- Test 7: Aggregation with cross-type predicates
SELECT 'SUM with cross-type filter'::text AS test, SUM(val) AS sum FROM perf_int4 WHERE val > 90000::numeric AND val < 95000::float8;
            test            |    sum    
----------------------------+-----------
 SUM with cross-type filter | 462407500
(1 row)

SELECT 'AVG with cross-type filter'::text AS test, AVG(val) AS avg FROM perf_int4 WHERE val >= 50000::numeric AND val <= 50100::float8;
            test            |        avg         
----------------------------+--------------------
 AVG with cross-type filter | 50050.000000000000
(1 row)

-- Test 8: Multiple cross-type predicates
SELECT 'Multiple filters'::text AS test, COUNT(*) AS count 
FROM perf_int4 
WHERE val > 10000::numeric 
  AND val < 90000::float8
  AND val <> 50000::numeric;
       test       | count 
------------------+-------
 Multiple filters | 79998
(1 row)

-- Test 9: Verify EXPLAIN shows Index Scan for selective queries
EXPLAIN (COSTS OFF, ANALYZE OFF) 
SELECT * FROM perf_int4 WHERE val = 12345::numeric;
                   QUERY PLAN                    
-------------------------------------------------
 Index Scan using idx_perf_int4_val on perf_int4
   Index Cond: (val = 12345)
(2 rows)

EXPLAIN (COSTS OFF, ANALYZE OFF)
SELECT * FROM perf_int4 WHERE val >= 80000::float8 AND val <= 80100::float8;
                    QUERY PLAN                     
---------------------------------------------------
 Index Scan using idx_perf_int4_val on perf_int4
   Index Cond: ((val >= 80000) AND (val <= 80100))
(2 rows)

-- Clean up
DROP TABLE perf_int4;
DROP TABLE perf_numeric;
DROP TABLE perf_float8;
-- Performance Summary
